<?xml version="1.0" encoding="UTF-8"?>
<testsuite xmlns:xsi="http://www.w3.org/2001/XMLSchema-instance" xsi:noNamespaceSchemaLocation="https://maven.apache.org/surefire/maven-surefire-plugin/xsd/surefire-test-report.xsd" name="br.com.wiremock.teste.TesteWiremockTodosVerbos" time="4.014" tests="7" errors="6" skipped="0" failures="0">
  <properties>
[...]
</properties>
  <testcase name="testeNaoAutorizado" classname="br.com.wiremock.teste.TesteWiremockTodosVerbos" time="4.014"/>
  <testcase name="testeDeletar" classname="br.com.wiremock.teste.TesteWiremockTodosVerbos" time="0.862">
    <error message="java.lang.RuntimeException: java.io.IOException: Failed to bind to /0.0.0.0:8091" type="com.github.tomakehurst.wiremock.common.FatalStartupException">com.github.tomakehurst.wiremock.common.FatalStartupException: java.lang.RuntimeException: java.io.IOException: Failed to bind to /0.0.0.0:8091
Caused by: java.lang.RuntimeException: java.io.IOException: Failed to bind to /0.0.0.0:8091
Caused by: java.io.IOException: Failed to bind to /0.0.0.0:8091
Caused by: java.net.BindException: Address already in use: bind
</error>
  </testcase>
  <testcase name="testeAlterarComStatusSomente" classname="br.com.wiremock.teste.TesteWiremockTodosVerbos" time="0.862">
    <error message="java.lang.RuntimeException: java.io.IOException: Failed to bind to /0.0.0.0:8091" type="com.github.tomakehurst.wiremock.common.FatalStartupException">com.github.tomakehurst.wiremock.common.FatalStartupException: java.lang.RuntimeException: java.io.IOException: Failed to bind to /0.0.0.0:8091
Caused by: java.lang.RuntimeException: java.io.IOException: Failed to bind to /0.0.0.0:8091
Caused by: java.io.IOException: Failed to bind to /0.0.0.0:8091
Caused by: java.net.BindException: Address already in use: bind
</error>
  </testcase>
  <testcase name="testeRedirecionar" classname="br.com.wiremock.teste.TesteWiremockTodosVerbos" time="0.862">
    <error message="java.lang.RuntimeException: java.io.IOException: Failed to bind to /0.0.0.0:8091" type="com.github.tomakehurst.wiremock.common.FatalStartupException">com.github.tomakehurst.wiremock.common.FatalStartupException: java.lang.RuntimeException: java.io.IOException: Failed to bind to /0.0.0.0:8091
Caused by: java.lang.RuntimeException: java.io.IOException: Failed to bind to /0.0.0.0:8091
Caused by: java.io.IOException: Failed to bind to /0.0.0.0:8091
Caused by: java.net.BindException: Address already in use: bind
</error>
  </testcase>
  <testcase name="testeStatusCodePositive" classname="br.com.wiremock.teste.TesteWiremockTodosVerbos" time="0.862">
    <error message="java.lang.RuntimeException: java.io.IOException: Failed to bind to /0.0.0.0:8091" type="com.github.tomakehurst.wiremock.common.FatalStartupException">com.github.tomakehurst.wiremock.common.FatalStartupException: java.lang.RuntimeException: java.io.IOException: Failed to bind to /0.0.0.0:8091
Caused by: java.lang.RuntimeException: java.io.IOException: Failed to bind to /0.0.0.0:8091
Caused by: java.io.IOException: Failed to bind to /0.0.0.0:8091
Caused by: java.net.BindException: Address already in use: bind
</error>
  </testcase>
  <testcase name="testeSucessoBody" classname="br.com.wiremock.teste.TesteWiremockTodosVerbos" time="0.014">
    <error message="java.lang.RuntimeException: java.io.IOException: Failed to bind to /0.0.0.0:8091" type="com.github.tomakehurst.wiremock.common.FatalStartupException">com.github.tomakehurst.wiremock.common.FatalStartupException: java.lang.RuntimeException: java.io.IOException: Failed to bind to /0.0.0.0:8091
Caused by: java.lang.RuntimeException: java.io.IOException: Failed to bind to /0.0.0.0:8091
Caused by: java.io.IOException: Failed to bind to /0.0.0.0:8091
Caused by: java.net.BindException: Address already in use: bind
</error>
  </testcase>
  <testcase name="testeErro500" classname="br.com.wiremock.teste.TesteWiremockTodosVerbos" time="0.014">
    <error message="java.lang.RuntimeException: java.io.IOException: Failed to bind to /0.0.0.0:8091" type="com.github.tomakehurst.wiremock.common.FatalStartupException">com.github.tomakehurst.wiremock.common.FatalStartupException: java.lang.RuntimeException: java.io.IOException: Failed to bind to /0.0.0.0:8091
Caused by: java.lang.RuntimeException: java.io.IOException: Failed to bind to /0.0.0.0:8091
Caused by: java.io.IOException: Failed to bind to /0.0.0.0:8091
Caused by: java.net.BindException: Address already in use: bind
</error>
  </testcase>
</testsuite>